[02:08:15S] [INFO] Client 'Machine_1_Client_3' starting
[02:08:15S] [INFO] Client 'Machine_1_Client_3' sending 50 requests (delay: 100-2000ms, 2 images available)...
[02:08:15S] [INFO] 📡 Machine_1_Client_3 Getting task assignment for task #1
[02:08:15S] [INFO] 📡 Machine_1_Client_3 Broadcasting assignment request for task #1 to 3 servers
[02:08:17S] [INFO] ✅ Machine_1_Client_3 Received assignment from leader (Server 2): Task #1 → Server 1
[02:08:17S] [INFO] ✅ Machine_1_Client_3 Task #1 assigned to Server 1 by leader 2
[02:08:17S] [INFO] 📤 Machine_1_Client_3 Sending task #1 to server at 127.0.0.1:8001
[02:08:17S] [INFO] ✅ Machine_1_Client_3 Encryption VERIFIED for task #1
[02:08:17S] [INFO] 📨 Machine_1_Client_3 Sent ACK for task #1
[02:08:17S] [INFO] ✅ Machine_1_Client_3 Task #1 completed successfully
[02:08:19S] [INFO] 📡 Machine_1_Client_3 Getting task assignment for task #2
[02:08:19S] [INFO] 📡 Machine_1_Client_3 Broadcasting assignment request for task #2 to 3 servers
[02:08:21S] [INFO] ✅ Machine_1_Client_3 Received assignment from leader (Server 2): Task #2 → Server 3
[02:08:21S] [INFO] ✅ Machine_1_Client_3 Task #2 assigned to Server 3 by leader 2
[02:08:21S] [INFO] 📤 Machine_1_Client_3 Sending task #2 to server at 127.0.0.1:8003
[02:08:21S] [INFO] ✅ Machine_1_Client_3 Encryption VERIFIED for task #2
[02:08:21S] [INFO] 📨 Machine_1_Client_3 Sent ACK for task #2
[02:08:21S] [INFO] ✅ Machine_1_Client_3 Task #2 completed successfully
[02:08:22S] [INFO] 📡 Machine_1_Client_3 Getting task assignment for task #3
[02:08:22S] [INFO] 📡 Machine_1_Client_3 Broadcasting assignment request for task #3 to 3 servers
[02:08:24S] [INFO] ✅ Machine_1_Client_3 Received assignment from leader (Server 2): Task #3 → Server 1
[02:08:24S] [INFO] ✅ Machine_1_Client_3 Task #3 assigned to Server 1 by leader 2
[02:08:24S] [INFO] 📤 Machine_1_Client_3 Sending task #3 to server at 127.0.0.1:8001
[02:08:25S] [INFO] ✅ Machine_1_Client_3 Encryption VERIFIED for task #3
[02:08:25S] [INFO] 📨 Machine_1_Client_3 Sent ACK for task #3
[02:08:25S] [INFO] ✅ Machine_1_Client_3 Task #3 completed successfully
[02:08:26S] [INFO] 📡 Machine_1_Client_3 Getting task assignment for task #4
[02:08:26S] [INFO] 📡 Machine_1_Client_3 Broadcasting assignment request for task #4 to 3 servers
[02:08:28S] [INFO] ✅ Machine_1_Client_3 Received assignment from leader (Server 2): Task #4 → Server 3
[02:08:28S] [INFO] ✅ Machine_1_Client_3 Task #4 assigned to Server 3 by leader 2
[02:08:28S] [INFO] 📤 Machine_1_Client_3 Sending task #4 to server at 127.0.0.1:8003
[02:08:28S] [INFO] ✅ Machine_1_Client_3 Encryption VERIFIED for task #4
[02:08:28S] [INFO] 📨 Machine_1_Client_3 Sent ACK for task #4
[02:08:28S] [INFO] ✅ Machine_1_Client_3 Task #4 completed successfully
[02:08:30S] [INFO] 📡 Machine_1_Client_3 Getting task assignment for task #5
[02:08:30S] [INFO] 📡 Machine_1_Client_3 Broadcasting assignment request for task #5 to 3 servers
[02:08:32S] [INFO] ✅ Machine_1_Client_3 Received assignment from leader (Server 2): Task #5 → Server 3
[02:08:32S] [INFO] ✅ Machine_1_Client_3 Task #5 assigned to Server 3 by leader 2
[02:08:32S] [INFO] 📤 Machine_1_Client_3 Sending task #5 to server at 127.0.0.1:8003
[02:08:33S] [INFO] ✅ Machine_1_Client_3 Encryption VERIFIED for task #5
[02:08:33S] [INFO] 📨 Machine_1_Client_3 Sent ACK for task #5
[02:08:33S] [INFO] ✅ Machine_1_Client_3 Task #5 completed successfully
[02:08:35S] [INFO] 📡 Machine_1_Client_3 Getting task assignment for task #6
[02:08:35S] [INFO] 📡 Machine_1_Client_3 Broadcasting assignment request for task #6 to 3 servers
[02:08:37S] [INFO] ✅ Machine_1_Client_3 Received assignment from leader (Server 2): Task #6 → Server 1
[02:08:37S] [INFO] ✅ Machine_1_Client_3 Task #6 assigned to Server 1 by leader 2
[02:08:37S] [INFO] 📤 Machine_1_Client_3 Sending task #6 to server at 127.0.0.1:8001
[02:08:37S] [INFO] ✅ Machine_1_Client_3 Encryption VERIFIED for task #6
[02:08:37S] [INFO] 📨 Machine_1_Client_3 Sent ACK for task #6
[02:08:37S] [INFO] ✅ Machine_1_Client_3 Task #6 completed successfully
[02:08:37S] [INFO] 📡 Machine_1_Client_3 Getting task assignment for task #7
[02:08:37S] [INFO] 📡 Machine_1_Client_3 Broadcasting assignment request for task #7 to 3 servers
[02:08:39S] [INFO] ✅ Machine_1_Client_3 Received assignment from leader (Server 2): Task #7 → Server 2
[02:08:39S] [INFO] ✅ Machine_1_Client_3 Task #7 assigned to Server 2 by leader 2
[02:08:39S] [INFO] 📤 Machine_1_Client_3 Sending task #7 to server at 127.0.0.1:8002
[02:08:39S] [INFO] ✅ Machine_1_Client_3 Encryption VERIFIED for task #7
[02:08:39S] [INFO] 📨 Machine_1_Client_3 Sent ACK for task #7
[02:08:39S] [INFO] ✅ Machine_1_Client_3 Task #7 completed successfully
[02:08:39S] [INFO] 📡 Machine_1_Client_3 Getting task assignment for task #8
[02:08:39S] [INFO] 📡 Machine_1_Client_3 Broadcasting assignment request for task #8 to 3 servers
[02:08:41S] [INFO] ✅ Machine_1_Client_3 Received assignment from leader (Server 2): Task #8 → Server 3
[02:08:41S] [INFO] ✅ Machine_1_Client_3 Task #8 assigned to Server 3 by leader 2
[02:08:41S] [INFO] 📤 Machine_1_Client_3 Sending task #8 to server at 127.0.0.1:8003
[02:08:41S] [INFO] ✅ Machine_1_Client_3 Encryption VERIFIED for task #8
[02:08:41S] [INFO] 📨 Machine_1_Client_3 Sent ACK for task #8
[02:08:41S] [INFO] ✅ Machine_1_Client_3 Task #8 completed successfully
[02:08:43S] [INFO] 📡 Machine_1_Client_3 Getting task assignment for task #9
[02:08:43S] [INFO] 📡 Machine_1_Client_3 Broadcasting assignment request for task #9 to 3 servers
[02:08:45S] [INFO] ✅ Machine_1_Client_3 Received assignment from leader (Server 2): Task #9 → Server 3
[02:08:45S] [INFO] ✅ Machine_1_Client_3 Task #9 assigned to Server 3 by leader 2
[02:08:45S] [INFO] 📤 Machine_1_Client_3 Sending task #9 to server at 127.0.0.1:8003
[02:08:45S] [INFO] ✅ Machine_1_Client_3 Encryption VERIFIED for task #9
[02:08:45S] [INFO] 📨 Machine_1_Client_3 Sent ACK for task #9
[02:08:45S] [INFO] ✅ Machine_1_Client_3 Task #9 completed successfully
[02:08:47S] [INFO] 📡 Machine_1_Client_3 Getting task assignment for task #10
[02:08:47S] [INFO] 📡 Machine_1_Client_3 Broadcasting assignment request for task #10 to 3 servers
[02:08:49S] [INFO] ✅ Machine_1_Client_3 Received assignment from leader (Server 2): Task #10 → Server 2
[02:08:49S] [INFO] ✅ Machine_1_Client_3 Task #10 assigned to Server 2 by leader 2
[02:08:49S] [INFO] 📤 Machine_1_Client_3 Sending task #10 to server at 127.0.0.1:8002
[02:08:50S] [INFO] ✅ Machine_1_Client_3 Encryption VERIFIED for task #10
[02:08:50S] [INFO] 📨 Machine_1_Client_3 Sent ACK for task #10
[02:08:50S] [INFO] ✅ Machine_1_Client_3 Task #10 completed successfully
[02:08:51S] [INFO] 📡 Machine_1_Client_3 Getting task assignment for task #11
[02:08:51S] [INFO] 📡 Machine_1_Client_3 Broadcasting assignment request for task #11 to 3 servers
[02:08:53S] [INFO] ✅ Machine_1_Client_3 Received assignment from leader (Server 2): Task #11 → Server 1
[02:08:53S] [INFO] ✅ Machine_1_Client_3 Task #11 assigned to Server 1 by leader 2
[02:08:53S] [INFO] 📤 Machine_1_Client_3 Sending task #11 to server at 127.0.0.1:8001
[02:08:53S] [INFO] ✅ Machine_1_Client_3 Encryption VERIFIED for task #11
[02:08:53S] [INFO] 📨 Machine_1_Client_3 Sent ACK for task #11
[02:08:53S] [INFO] ✅ Machine_1_Client_3 Task #11 completed successfully
[02:08:53S] [INFO] 📡 Machine_1_Client_3 Getting task assignment for task #12
[02:08:53S] [INFO] 📡 Machine_1_Client_3 Broadcasting assignment request for task #12 to 3 servers
[02:08:55S] [INFO] ✅ Machine_1_Client_3 Received assignment from leader (Server 2): Task #12 → Server 3
[02:08:55S] [INFO] ✅ Machine_1_Client_3 Task #12 assigned to Server 3 by leader 2
[02:08:55S] [INFO] 📤 Machine_1_Client_3 Sending task #12 to server at 127.0.0.1:8003
[02:08:56S] [INFO] ✅ Machine_1_Client_3 Encryption VERIFIED for task #12
[02:08:56S] [INFO] 📨 Machine_1_Client_3 Sent ACK for task #12
[02:08:56S] [INFO] ✅ Machine_1_Client_3 Task #12 completed successfully
[02:08:58S] [INFO] 📡 Machine_1_Client_3 Getting task assignment for task #13
[02:08:58S] [INFO] 📡 Machine_1_Client_3 Broadcasting assignment request for task #13 to 3 servers
[02:09:00S] [INFO] ✅ Machine_1_Client_3 Received assignment from leader (Server 2): Task #13 → Server 2
[02:09:00S] [INFO] ✅ Machine_1_Client_3 Task #13 assigned to Server 2 by leader 2
[02:09:00S] [INFO] 📤 Machine_1_Client_3 Sending task #13 to server at 127.0.0.1:8002
[02:09:00S] [INFO] ✅ Machine_1_Client_3 Encryption VERIFIED for task #13
[02:09:00S] [INFO] 📨 Machine_1_Client_3 Sent ACK for task #13
[02:09:00S] [INFO] ✅ Machine_1_Client_3 Task #13 completed successfully
[02:09:02S] [INFO] 📡 Machine_1_Client_3 Getting task assignment for task #14
[02:09:02S] [INFO] 📡 Machine_1_Client_3 Broadcasting assignment request for task #14 to 3 servers
[02:09:04S] [INFO] ✅ Machine_1_Client_3 Received assignment from leader (Server 2): Task #14 → Server 2
[02:09:04S] [INFO] ✅ Machine_1_Client_3 Task #14 assigned to Server 2 by leader 2
[02:09:04S] [INFO] 📤 Machine_1_Client_3 Sending task #14 to server at 127.0.0.1:8002
[02:09:04S] [INFO] ✅ Machine_1_Client_3 Encryption VERIFIED for task #14
[02:09:04S] [INFO] 📨 Machine_1_Client_3 Sent ACK for task #14
[02:09:04S] [INFO] ✅ Machine_1_Client_3 Task #14 completed successfully
[02:09:06S] [INFO] 📡 Machine_1_Client_3 Getting task assignment for task #15
[02:09:06S] [INFO] 📡 Machine_1_Client_3 Broadcasting assignment request for task #15 to 3 servers
[02:09:08S] [INFO] ✅ Machine_1_Client_3 Received assignment from leader (Server 2): Task #15 → Server 3
[02:09:08S] [INFO] ✅ Machine_1_Client_3 Task #15 assigned to Server 3 by leader 2
[02:09:08S] [INFO] 📤 Machine_1_Client_3 Sending task #15 to server at 127.0.0.1:8003
[02:09:08S] [INFO] ✅ Machine_1_Client_3 Encryption VERIFIED for task #15
[02:09:08S] [INFO] 📨 Machine_1_Client_3 Sent ACK for task #15
[02:09:08S] [INFO] ✅ Machine_1_Client_3 Task #15 completed successfully
[02:09:08S] [INFO] 📡 Machine_1_Client_3 Getting task assignment for task #16
[02:09:08S] [INFO] 📡 Machine_1_Client_3 Broadcasting assignment request for task #16 to 3 servers
[02:09:10S] [INFO] ✅ Machine_1_Client_3 Received assignment from leader (Server 2): Task #16 → Server 2
[02:09:10S] [INFO] ✅ Machine_1_Client_3 Task #16 assigned to Server 2 by leader 2
[02:09:10S] [INFO] 📤 Machine_1_Client_3 Sending task #16 to server at 127.0.0.1:8002
[02:09:10S] [INFO] ✅ Machine_1_Client_3 Encryption VERIFIED for task #16
[02:09:10S] [INFO] 📨 Machine_1_Client_3 Sent ACK for task #16
[02:09:10S] [INFO] ✅ Machine_1_Client_3 Task #16 completed successfully
[02:09:11S] [INFO] 📡 Machine_1_Client_3 Getting task assignment for task #17
[02:09:11S] [INFO] 📡 Machine_1_Client_3 Broadcasting assignment request for task #17 to 3 servers
[02:09:13S] [INFO] ✅ Machine_1_Client_3 Received assignment from leader (Server 2): Task #17 → Server 2
[02:09:13S] [INFO] ✅ Machine_1_Client_3 Task #17 assigned to Server 2 by leader 2
[02:09:13S] [INFO] 📤 Machine_1_Client_3 Sending task #17 to server at 127.0.0.1:8002
[02:09:14S] [INFO] ✅ Machine_1_Client_3 Encryption VERIFIED for task #17
[02:09:14S] [INFO] 📨 Machine_1_Client_3 Sent ACK for task #17
[02:09:14S] [INFO] ✅ Machine_1_Client_3 Task #17 completed successfully
[02:09:14S] [INFO] 📡 Machine_1_Client_3 Getting task assignment for task #18
[02:09:14S] [INFO] 📡 Machine_1_Client_3 Broadcasting assignment request for task #18 to 3 servers
[02:09:14S] [INFO] ✅ Machine_1_Client_3 Received assignment from leader (Server 2): Task #18 → Server 2
[02:09:14S] [INFO] ✅ Machine_1_Client_3 Task #18 assigned to Server 2 by leader 2
[02:09:14S] [INFO] 📤 Machine_1_Client_3 Sending task #18 to server at 127.0.0.1:8002
[02:09:14S] [INFO] ✅ Machine_1_Client_3 Encryption VERIFIED for task #18
[02:09:14S] [INFO] 📨 Machine_1_Client_3 Sent ACK for task #18
[02:09:14S] [INFO] ✅ Machine_1_Client_3 Task #18 completed successfully
[02:09:15S] [INFO] 📡 Machine_1_Client_3 Getting task assignment for task #19
[02:09:15S] [INFO] 📡 Machine_1_Client_3 Broadcasting assignment request for task #19 to 3 servers
[02:09:15S] [INFO] ✅ Machine_1_Client_3 Received assignment from leader (Server 2): Task #19 → Server 2
[02:09:15S] [INFO] ✅ Machine_1_Client_3 Task #19 assigned to Server 2 by leader 2
[02:09:15S] [INFO] 📤 Machine_1_Client_3 Sending task #19 to server at 127.0.0.1:8002
[02:09:15S] [INFO] ✅ Machine_1_Client_3 Encryption VERIFIED for task #19
[02:09:15S] [INFO] 📨 Machine_1_Client_3 Sent ACK for task #19
[02:09:15S] [INFO] ✅ Machine_1_Client_3 Task #19 completed successfully
[02:09:17S] [INFO] 📡 Machine_1_Client_3 Getting task assignment for task #20
[02:09:17S] [INFO] 📡 Machine_1_Client_3 Broadcasting assignment request for task #20 to 3 servers
[02:09:17S] [INFO] ✅ Machine_1_Client_3 Received assignment from leader (Server 2): Task #20 → Server 3
[02:09:17S] [INFO] ✅ Machine_1_Client_3 Task #20 assigned to Server 3 by leader 2
[02:09:17S] [INFO] 📤 Machine_1_Client_3 Sending task #20 to server at 127.0.0.1:8003
[02:09:17S] [INFO] ✅ Machine_1_Client_3 Encryption VERIFIED for task #20
[02:09:17S] [INFO] 📨 Machine_1_Client_3 Sent ACK for task #20
[02:09:17S] [INFO] ✅ Machine_1_Client_3 Task #20 completed successfully
[02:09:19S] [INFO] 📡 Machine_1_Client_3 Getting task assignment for task #21
[02:09:19S] [INFO] 📡 Machine_1_Client_3 Broadcasting assignment request for task #21 to 3 servers
[02:09:19S] [INFO] ✅ Machine_1_Client_3 Received assignment from leader (Server 2): Task #21 → Server 2
[02:09:19S] [INFO] ✅ Machine_1_Client_3 Task #21 assigned to Server 2 by leader 2
[02:09:19S] [INFO] 📤 Machine_1_Client_3 Sending task #21 to server at 127.0.0.1:8002
[02:09:19S] [INFO] ✅ Machine_1_Client_3 Encryption VERIFIED for task #21
[02:09:19S] [INFO] 📨 Machine_1_Client_3 Sent ACK for task #21
[02:09:19S] [INFO] ✅ Machine_1_Client_3 Task #21 completed successfully
[02:09:21S] [INFO] 📡 Machine_1_Client_3 Getting task assignment for task #22
[02:09:21S] [INFO] 📡 Machine_1_Client_3 Broadcasting assignment request for task #22 to 3 servers
[02:09:23S] [INFO] ✅ Machine_1_Client_3 Received assignment from leader (Server 2): Task #22 → Server 2
[02:09:23S] [INFO] ✅ Machine_1_Client_3 Task #22 assigned to Server 2 by leader 2
[02:09:23S] [INFO] 📤 Machine_1_Client_3 Sending task #22 to server at 127.0.0.1:8002
[02:09:23S] [INFO] ✅ Machine_1_Client_3 Encryption VERIFIED for task #22
[02:09:23S] [INFO] 📨 Machine_1_Client_3 Sent ACK for task #22
[02:09:23S] [INFO] ✅ Machine_1_Client_3 Task #22 completed successfully
[02:09:24S] [INFO] 📡 Machine_1_Client_3 Getting task assignment for task #23
[02:09:24S] [INFO] 📡 Machine_1_Client_3 Broadcasting assignment request for task #23 to 3 servers
[02:09:26S] [INFO] ✅ Machine_1_Client_3 Received assignment from leader (Server 2): Task #23 → Server 1
[02:09:26S] [INFO] ✅ Machine_1_Client_3 Task #23 assigned to Server 1 by leader 2
[02:09:26S] [INFO] 📤 Machine_1_Client_3 Sending task #23 to server at 127.0.0.1:8001
[02:09:26S] [INFO] ✅ Machine_1_Client_3 Encryption VERIFIED for task #23
[02:09:26S] [INFO] 📨 Machine_1_Client_3 Sent ACK for task #23
[02:09:26S] [INFO] ✅ Machine_1_Client_3 Task #23 completed successfully
[02:09:27S] [INFO] 📡 Machine_1_Client_3 Getting task assignment for task #24
[02:09:27S] [INFO] 📡 Machine_1_Client_3 Broadcasting assignment request for task #24 to 3 servers
[02:09:27S] [INFO] ✅ Machine_1_Client_3 Received assignment from leader (Server 1): Task #24 → Server 2
[02:09:27S] [INFO] ✅ Machine_1_Client_3 Task #24 assigned to Server 2 by leader 1
[02:09:27S] [INFO] 📤 Machine_1_Client_3 Sending task #24 to server at 127.0.0.1:8002
[02:09:27S] [INFO] ✅ Machine_1_Client_3 Encryption VERIFIED for task #24
[02:09:27S] [INFO] 📨 Machine_1_Client_3 Sent ACK for task #24
[02:09:27S] [INFO] ✅ Machine_1_Client_3 Task #24 completed successfully
[02:09:29S] [INFO] 📡 Machine_1_Client_3 Getting task assignment for task #25
[02:09:29S] [INFO] 📡 Machine_1_Client_3 Broadcasting assignment request for task #25 to 3 servers
[02:09:29S] [INFO] ✅ Machine_1_Client_3 Received assignment from leader (Server 1): Task #25 → Server 2
[02:09:29S] [INFO] ✅ Machine_1_Client_3 Task #25 assigned to Server 2 by leader 1
[02:09:29S] [INFO] 📤 Machine_1_Client_3 Sending task #25 to server at 127.0.0.1:8002
[02:09:29S] [INFO] ✅ Machine_1_Client_3 Encryption VERIFIED for task #25
[02:09:29S] [INFO] 📨 Machine_1_Client_3 Sent ACK for task #25
[02:09:29S] [INFO] ✅ Machine_1_Client_3 Task #25 completed successfully
[02:09:30S] [INFO] 📡 Machine_1_Client_3 Getting task assignment for task #26
[02:09:30S] [INFO] 📡 Machine_1_Client_3 Broadcasting assignment request for task #26 to 3 servers
[02:09:30S] [INFO] ✅ Machine_1_Client_3 Received assignment from leader (Server 1): Task #26 → Server 3
[02:09:30S] [INFO] ✅ Machine_1_Client_3 Task #26 assigned to Server 3 by leader 1
[02:09:30S] [INFO] 📤 Machine_1_Client_3 Sending task #26 to server at 127.0.0.1:8003
[02:09:30S] [INFO] ✅ Machine_1_Client_3 Encryption VERIFIED for task #26
[02:09:30S] [INFO] 📨 Machine_1_Client_3 Sent ACK for task #26
[02:09:30S] [INFO] ✅ Machine_1_Client_3 Task #26 completed successfully
[02:09:30S] [INFO] 📡 Machine_1_Client_3 Getting task assignment for task #27
[02:09:30S] [INFO] 📡 Machine_1_Client_3 Broadcasting assignment request for task #27 to 3 servers
[02:09:30S] [INFO] ✅ Machine_1_Client_3 Received assignment from leader (Server 1): Task #27 → Server 3
[02:09:30S] [INFO] ✅ Machine_1_Client_3 Task #27 assigned to Server 3 by leader 1
[02:09:30S] [INFO] 📤 Machine_1_Client_3 Sending task #27 to server at 127.0.0.1:8003
[02:09:30S] [INFO] ✅ Machine_1_Client_3 Encryption VERIFIED for task #27
[02:09:30S] [INFO] 📨 Machine_1_Client_3 Sent ACK for task #27
[02:09:30S] [INFO] ✅ Machine_1_Client_3 Task #27 completed successfully
[02:09:32S] [INFO] 📡 Machine_1_Client_3 Getting task assignment for task #28
[02:09:32S] [INFO] 📡 Machine_1_Client_3 Broadcasting assignment request for task #28 to 3 servers
[02:09:32S] [INFO] ✅ Machine_1_Client_3 Received assignment from leader (Server 1): Task #28 → Server 3
[02:09:32S] [INFO] ✅ Machine_1_Client_3 Task #28 assigned to Server 3 by leader 1
[02:09:32S] [INFO] 📤 Machine_1_Client_3 Sending task #28 to server at 127.0.0.1:8003
[02:09:32S] [INFO] ✅ Machine_1_Client_3 Encryption VERIFIED for task #28
[02:09:32S] [INFO] 📨 Machine_1_Client_3 Sent ACK for task #28
[02:09:32S] [INFO] ✅ Machine_1_Client_3 Task #28 completed successfully
[02:09:32S] [INFO] 📡 Machine_1_Client_3 Getting task assignment for task #29
[02:09:32S] [INFO] 📡 Machine_1_Client_3 Broadcasting assignment request for task #29 to 3 servers
[02:09:32S] [INFO] ✅ Machine_1_Client_3 Received assignment from leader (Server 1): Task #29 → Server 3
[02:09:32S] [INFO] ✅ Machine_1_Client_3 Task #29 assigned to Server 3 by leader 1
[02:09:32S] [INFO] 📤 Machine_1_Client_3 Sending task #29 to server at 127.0.0.1:8003
[02:09:32S] [INFO] ✅ Machine_1_Client_3 Encryption VERIFIED for task #29
[02:09:32S] [INFO] 📨 Machine_1_Client_3 Sent ACK for task #29
[02:09:32S] [INFO] ✅ Machine_1_Client_3 Task #29 completed successfully
[02:09:34S] [INFO] 📡 Machine_1_Client_3 Getting task assignment for task #30
[02:09:34S] [INFO] 📡 Machine_1_Client_3 Broadcasting assignment request for task #30 to 3 servers
[02:09:34S] [INFO] ✅ Machine_1_Client_3 Received assignment from leader (Server 1): Task #30 → Server 2
[02:09:34S] [INFO] ✅ Machine_1_Client_3 Task #30 assigned to Server 2 by leader 1
[02:09:34S] [INFO] 📤 Machine_1_Client_3 Sending task #30 to server at 127.0.0.1:8002
[02:09:35S] [INFO] ✅ Machine_1_Client_3 Encryption VERIFIED for task #30
[02:09:35S] [INFO] 📨 Machine_1_Client_3 Sent ACK for task #30
[02:09:35S] [INFO] ✅ Machine_1_Client_3 Task #30 completed successfully
[02:09:35S] [INFO] 📡 Machine_1_Client_3 Getting task assignment for task #31
[02:09:35S] [INFO] 📡 Machine_1_Client_3 Broadcasting assignment request for task #31 to 3 servers
[02:09:35S] [INFO] ✅ Machine_1_Client_3 Received assignment from leader (Server 1): Task #31 → Server 2
[02:09:35S] [INFO] ✅ Machine_1_Client_3 Task #31 assigned to Server 2 by leader 1
[02:09:35S] [INFO] 📤 Machine_1_Client_3 Sending task #31 to server at 127.0.0.1:8002
[02:09:35S] [INFO] ✅ Machine_1_Client_3 Encryption VERIFIED for task #31
[02:09:35S] [INFO] 📨 Machine_1_Client_3 Sent ACK for task #31
[02:09:35S] [INFO] ✅ Machine_1_Client_3 Task #31 completed successfully
[02:09:37S] [INFO] 📡 Machine_1_Client_3 Getting task assignment for task #32
[02:09:37S] [INFO] 📡 Machine_1_Client_3 Broadcasting assignment request for task #32 to 3 servers
[02:09:37S] [INFO] ✅ Machine_1_Client_3 Received assignment from leader (Server 1): Task #32 → Server 2
[02:09:37S] [INFO] ✅ Machine_1_Client_3 Task #32 assigned to Server 2 by leader 1
[02:09:37S] [INFO] 📤 Machine_1_Client_3 Sending task #32 to server at 127.0.0.1:8002
[02:09:37S] [INFO] ✅ Machine_1_Client_3 Encryption VERIFIED for task #32
[02:09:37S] [INFO] 📨 Machine_1_Client_3 Sent ACK for task #32
[02:09:37S] [INFO] ✅ Machine_1_Client_3 Task #32 completed successfully
[02:09:38S] [INFO] 📡 Machine_1_Client_3 Getting task assignment for task #33
[02:09:38S] [INFO] 📡 Machine_1_Client_3 Broadcasting assignment request for task #33 to 3 servers
[02:09:38S] [INFO] ✅ Machine_1_Client_3 Received assignment from leader (Server 1): Task #33 → Server 3
[02:09:38S] [INFO] ✅ Machine_1_Client_3 Task #33 assigned to Server 3 by leader 1
[02:09:38S] [INFO] 📤 Machine_1_Client_3 Sending task #33 to server at 127.0.0.1:8003
[02:09:38S] [INFO] ✅ Machine_1_Client_3 Encryption VERIFIED for task #33
[02:09:38S] [INFO] 📨 Machine_1_Client_3 Sent ACK for task #33
[02:09:38S] [INFO] ✅ Machine_1_Client_3 Task #33 completed successfully
[02:09:40S] [INFO] 📡 Machine_1_Client_3 Getting task assignment for task #34
[02:09:40S] [INFO] 📡 Machine_1_Client_3 Broadcasting assignment request for task #34 to 3 servers
[02:09:40S] [INFO] ✅ Machine_1_Client_3 Received assignment from leader (Server 1): Task #34 → Server 1
[02:09:40S] [INFO] ✅ Machine_1_Client_3 Task #34 assigned to Server 1 by leader 1
[02:09:40S] [INFO] 📤 Machine_1_Client_3 Sending task #34 to server at 127.0.0.1:8001
[02:09:40S] [INFO] ✅ Machine_1_Client_3 Encryption VERIFIED for task #34
[02:09:40S] [INFO] 📨 Machine_1_Client_3 Sent ACK for task #34
[02:09:40S] [INFO] ✅ Machine_1_Client_3 Task #34 completed successfully
[02:09:41S] [INFO] 📡 Machine_1_Client_3 Getting task assignment for task #35
[02:09:41S] [INFO] 📡 Machine_1_Client_3 Broadcasting assignment request for task #35 to 3 servers
[02:09:41S] [INFO] ✅ Machine_1_Client_3 Received assignment from leader (Server 1): Task #35 → Server 1
[02:09:41S] [INFO] ✅ Machine_1_Client_3 Task #35 assigned to Server 1 by leader 1
[02:09:41S] [INFO] 📤 Machine_1_Client_3 Sending task #35 to server at 127.0.0.1:8001
[02:09:41S] [INFO] ✅ Machine_1_Client_3 Encryption VERIFIED for task #35
[02:09:41S] [INFO] 📨 Machine_1_Client_3 Sent ACK for task #35
[02:09:41S] [INFO] ✅ Machine_1_Client_3 Task #35 completed successfully
[02:09:42S] [INFO] 📡 Machine_1_Client_3 Getting task assignment for task #36
[02:09:42S] [INFO] 📡 Machine_1_Client_3 Broadcasting assignment request for task #36 to 3 servers
[02:09:42S] [INFO] ✅ Machine_1_Client_3 Received assignment from leader (Server 1): Task #36 → Server 3
[02:09:42S] [INFO] ✅ Machine_1_Client_3 Task #36 assigned to Server 3 by leader 1
[02:09:42S] [INFO] 📤 Machine_1_Client_3 Sending task #36 to server at 127.0.0.1:8003
[02:09:43S] [INFO] ✅ Machine_1_Client_3 Encryption VERIFIED for task #36
[02:09:43S] [INFO] 📨 Machine_1_Client_3 Sent ACK for task #36
[02:09:43S] [INFO] ✅ Machine_1_Client_3 Task #36 completed successfully
[02:09:44S] [INFO] 📡 Machine_1_Client_3 Getting task assignment for task #37
[02:09:44S] [INFO] 📡 Machine_1_Client_3 Broadcasting assignment request for task #37 to 3 servers
[02:09:44S] [INFO] ✅ Machine_1_Client_3 Received assignment from leader (Server 1): Task #37 → Server 3
[02:09:44S] [INFO] ✅ Machine_1_Client_3 Task #37 assigned to Server 3 by leader 1
[02:09:44S] [INFO] 📤 Machine_1_Client_3 Sending task #37 to server at 127.0.0.1:8003
[02:09:44S] [INFO] ✅ Machine_1_Client_3 Encryption VERIFIED for task #37
[02:09:44S] [INFO] 📨 Machine_1_Client_3 Sent ACK for task #37
[02:09:44S] [INFO] ✅ Machine_1_Client_3 Task #37 completed successfully
[02:09:45S] [INFO] 📡 Machine_1_Client_3 Getting task assignment for task #38
[02:09:45S] [INFO] 📡 Machine_1_Client_3 Broadcasting assignment request for task #38 to 3 servers
[02:09:45S] [INFO] ✅ Machine_1_Client_3 Received assignment from leader (Server 1): Task #38 → Server 3
[02:09:45S] [INFO] ✅ Machine_1_Client_3 Task #38 assigned to Server 3 by leader 1
[02:09:45S] [INFO] 📤 Machine_1_Client_3 Sending task #38 to server at 127.0.0.1:8003
[02:09:45S] [INFO] ✅ Machine_1_Client_3 Encryption VERIFIED for task #38
[02:09:45S] [INFO] 📨 Machine_1_Client_3 Sent ACK for task #38
[02:09:45S] [INFO] ✅ Machine_1_Client_3 Task #38 completed successfully
[02:09:46S] [INFO] 📡 Machine_1_Client_3 Getting task assignment for task #39
[02:09:46S] [INFO] 📡 Machine_1_Client_3 Broadcasting assignment request for task #39 to 3 servers
[02:09:46S] [INFO] ✅ Machine_1_Client_3 Received assignment from leader (Server 1): Task #39 → Server 3
[02:09:46S] [INFO] ✅ Machine_1_Client_3 Task #39 assigned to Server 3 by leader 1
[02:09:46S] [INFO] 📤 Machine_1_Client_3 Sending task #39 to server at 127.0.0.1:8003
[02:09:46S] [INFO] ✅ Machine_1_Client_3 Encryption VERIFIED for task #39
[02:09:46S] [INFO] 📨 Machine_1_Client_3 Sent ACK for task #39
[02:09:46S] [INFO] ✅ Machine_1_Client_3 Task #39 completed successfully
[02:09:47S] [INFO] 📡 Machine_1_Client_3 Getting task assignment for task #40
[02:09:47S] [INFO] 📡 Machine_1_Client_3 Broadcasting assignment request for task #40 to 3 servers
[02:09:47S] [INFO] ✅ Machine_1_Client_3 Received assignment from leader (Server 1): Task #40 → Server 3
[02:09:47S] [INFO] ✅ Machine_1_Client_3 Task #40 assigned to Server 3 by leader 1
[02:09:47S] [INFO] 📤 Machine_1_Client_3 Sending task #40 to server at 127.0.0.1:8003
[02:09:47S] [INFO] ✅ Machine_1_Client_3 Encryption VERIFIED for task #40
[02:09:47S] [INFO] 📨 Machine_1_Client_3 Sent ACK for task #40
[02:09:47S] [INFO] ✅ Machine_1_Client_3 Task #40 completed successfully
[02:09:48S] [INFO] 📡 Machine_1_Client_3 Getting task assignment for task #41
[02:09:48S] [INFO] 📡 Machine_1_Client_3 Broadcasting assignment request for task #41 to 3 servers
[02:09:48S] [INFO] ✅ Machine_1_Client_3 Received assignment from leader (Server 1): Task #41 → Server 3
[02:09:48S] [INFO] ✅ Machine_1_Client_3 Task #41 assigned to Server 3 by leader 1
[02:09:48S] [INFO] 📤 Machine_1_Client_3 Sending task #41 to server at 127.0.0.1:8003
[02:09:48S] [INFO] ✅ Machine_1_Client_3 Encryption VERIFIED for task #41
[02:09:48S] [INFO] 📨 Machine_1_Client_3 Sent ACK for task #41
[02:09:48S] [INFO] ✅ Machine_1_Client_3 Task #41 completed successfully
[02:09:50S] [INFO] 📡 Machine_1_Client_3 Getting task assignment for task #42
[02:09:50S] [INFO] 📡 Machine_1_Client_3 Broadcasting assignment request for task #42 to 3 servers
[02:09:50S] [INFO] ✅ Machine_1_Client_3 Received assignment from leader (Server 1): Task #42 → Server 1
[02:09:50S] [INFO] ✅ Machine_1_Client_3 Task #42 assigned to Server 1 by leader 1
[02:09:50S] [INFO] 📤 Machine_1_Client_3 Sending task #42 to server at 127.0.0.1:8001
[02:09:51S] [INFO] ✅ Machine_1_Client_3 Encryption VERIFIED for task #42
[02:09:51S] [INFO] 📨 Machine_1_Client_3 Sent ACK for task #42
[02:09:51S] [INFO] ✅ Machine_1_Client_3 Task #42 completed successfully
[02:09:52S] [INFO] 📡 Machine_1_Client_3 Getting task assignment for task #43
[02:09:52S] [INFO] 📡 Machine_1_Client_3 Broadcasting assignment request for task #43 to 3 servers
[02:09:52S] [INFO] ✅ Machine_1_Client_3 Received assignment from leader (Server 1): Task #43 → Server 1
[02:09:52S] [INFO] ✅ Machine_1_Client_3 Task #43 assigned to Server 1 by leader 1
[02:09:52S] [INFO] 📤 Machine_1_Client_3 Sending task #43 to server at 127.0.0.1:8001
[02:09:52S] [INFO] ✅ Machine_1_Client_3 Encryption VERIFIED for task #43
[02:09:52S] [INFO] 📨 Machine_1_Client_3 Sent ACK for task #43
[02:09:52S] [INFO] ✅ Machine_1_Client_3 Task #43 completed successfully
[02:09:53S] [INFO] 📡 Machine_1_Client_3 Getting task assignment for task #44
[02:09:53S] [INFO] 📡 Machine_1_Client_3 Broadcasting assignment request for task #44 to 3 servers
[02:09:53S] [INFO] ✅ Machine_1_Client_3 Received assignment from leader (Server 1): Task #44 → Server 1
[02:09:53S] [INFO] ✅ Machine_1_Client_3 Task #44 assigned to Server 1 by leader 1
[02:09:53S] [INFO] 📤 Machine_1_Client_3 Sending task #44 to server at 127.0.0.1:8001
[02:09:53S] [INFO] ✅ Machine_1_Client_3 Encryption VERIFIED for task #44
[02:09:53S] [INFO] 📨 Machine_1_Client_3 Sent ACK for task #44
[02:09:53S] [INFO] ✅ Machine_1_Client_3 Task #44 completed successfully
[02:09:54S] [INFO] 📡 Machine_1_Client_3 Getting task assignment for task #45
[02:09:54S] [INFO] 📡 Machine_1_Client_3 Broadcasting assignment request for task #45 to 3 servers
[02:09:54S] [INFO] ✅ Machine_1_Client_3 Received assignment from leader (Server 1): Task #45 → Server 3
[02:09:54S] [INFO] ✅ Machine_1_Client_3 Task #45 assigned to Server 3 by leader 1
[02:09:54S] [INFO] 📤 Machine_1_Client_3 Sending task #45 to server at 127.0.0.1:8003
[02:09:54S] [INFO] ✅ Machine_1_Client_3 Encryption VERIFIED for task #45
[02:09:54S] [INFO] 📨 Machine_1_Client_3 Sent ACK for task #45
[02:09:54S] [INFO] ✅ Machine_1_Client_3 Task #45 completed successfully
[02:09:55S] [INFO] 📡 Machine_1_Client_3 Getting task assignment for task #46
[02:09:55S] [INFO] 📡 Machine_1_Client_3 Broadcasting assignment request for task #46 to 3 servers
[02:09:57S] [INFO] ✅ Machine_1_Client_3 Received assignment from leader (Server 2): Task #46 → Server 2
[02:09:57S] [INFO] ✅ Machine_1_Client_3 Task #46 assigned to Server 2 by leader 2
[02:09:57S] [INFO] 📤 Machine_1_Client_3 Sending task #46 to server at 127.0.0.1:8002
[02:09:58S] [INFO] ✅ Machine_1_Client_3 Encryption VERIFIED for task #46
[02:09:58S] [INFO] 📨 Machine_1_Client_3 Sent ACK for task #46
[02:09:58S] [INFO] ✅ Machine_1_Client_3 Task #46 completed successfully
[02:09:59S] [INFO] 📡 Machine_1_Client_3 Getting task assignment for task #47
[02:09:59S] [INFO] 📡 Machine_1_Client_3 Broadcasting assignment request for task #47 to 3 servers
[02:10:01S] [INFO] ✅ Machine_1_Client_3 Received assignment from leader (Server 2): Task #47 → Server 2
[02:10:01S] [INFO] ✅ Machine_1_Client_3 Task #47 assigned to Server 2 by leader 2
[02:10:01S] [INFO] 📤 Machine_1_Client_3 Sending task #47 to server at 127.0.0.1:8002
[02:10:01S] [INFO] ✅ Machine_1_Client_3 Encryption VERIFIED for task #47
[02:10:01S] [INFO] 📨 Machine_1_Client_3 Sent ACK for task #47
[02:10:01S] [INFO] ✅ Machine_1_Client_3 Task #47 completed successfully
[02:10:02S] [INFO] 📡 Machine_1_Client_3 Getting task assignment for task #48
[02:10:02S] [INFO] 📡 Machine_1_Client_3 Broadcasting assignment request for task #48 to 3 servers
[02:10:04S] [INFO] ✅ Machine_1_Client_3 Received assignment from leader (Server 2): Task #48 → Server 3
[02:10:04S] [INFO] ✅ Machine_1_Client_3 Task #48 assigned to Server 3 by leader 2
[02:10:04S] [INFO] 📤 Machine_1_Client_3 Sending task #48 to server at 127.0.0.1:8003
[02:10:04S] [INFO] ✅ Machine_1_Client_3 Encryption VERIFIED for task #48
[02:10:04S] [INFO] 📨 Machine_1_Client_3 Sent ACK for task #48
[02:10:04S] [INFO] ✅ Machine_1_Client_3 Task #48 completed successfully
[02:10:05S] [INFO] 📡 Machine_1_Client_3 Getting task assignment for task #49
[02:10:05S] [INFO] 📡 Machine_1_Client_3 Broadcasting assignment request for task #49 to 3 servers
[02:10:07S] [INFO] ✅ Machine_1_Client_3 Received assignment from leader (Server 2): Task #49 → Server 1
[02:10:07S] [INFO] ✅ Machine_1_Client_3 Task #49 assigned to Server 1 by leader 2
[02:10:07S] [INFO] 📤 Machine_1_Client_3 Sending task #49 to server at 127.0.0.1:8001
[02:10:08S] [INFO] ✅ Machine_1_Client_3 Encryption VERIFIED for task #49
[02:10:08S] [INFO] 📨 Machine_1_Client_3 Sent ACK for task #49
[02:10:08S] [INFO] ✅ Machine_1_Client_3 Task #49 completed successfully
[02:10:09S] [INFO] 📡 Machine_1_Client_3 Getting task assignment for task #50
[02:10:09S] [INFO] 📡 Machine_1_Client_3 Broadcasting assignment request for task #50 to 3 servers
[02:10:11S] [INFO] ✅ Machine_1_Client_3 Received assignment from leader (Server 2): Task #50 → Server 1
[02:10:11S] [INFO] ✅ Machine_1_Client_3 Task #50 assigned to Server 1 by leader 2
[02:10:11S] [INFO] 📤 Machine_1_Client_3 Sending task #50 to server at 127.0.0.1:8001
[02:10:12S] [INFO] ✅ Machine_1_Client_3 Encryption VERIFIED for task #50
[02:10:12S] [INFO] 📨 Machine_1_Client_3 Sent ACK for task #50
[02:10:12S] [INFO] ✅ Machine_1_Client_3 Task #50 completed successfully
[02:10:12S] [INFO] ✅ Client finished sending 50 requests
Metrics exported to: ./metrics/client_3.json
